mode: count
github.com/punkstack/ninjaworld/ninja_world/otsutsuki.go:20.43,27.2 1 14
github.com/punkstack/ninjaworld/ninja_world/otsutsuki.go:30.64,34.2 3 7
github.com/punkstack/ninjaworld/ninja_world/otsutsuki.go:36.37,39.2 2 3
github.com/punkstack/ninjaworld/ninja_world/otsutsuki.go:42.38,44.2 1 4
github.com/punkstack/ninjaworld/ninja_world/village.go:27.39,34.2 1 29
github.com/punkstack/ninjaworld/ninja_world/village.go:36.38,39.2 2 3
github.com/punkstack/ninjaworld/ninja_world/village.go:42.84,43.55 1 21
github.com/punkstack/ninjaworld/ninja_world/village.go:48.2,48.39 1 14
github.com/punkstack/ninjaworld/ninja_world/village.go:53.2,55.16 3 14
github.com/punkstack/ninjaworld/ninja_world/village.go:58.2,58.12 1 14
github.com/punkstack/ninjaworld/ninja_world/village.go:43.55,44.33 1 7
github.com/punkstack/ninjaworld/ninja_world/village.go:44.33,46.4 1 7
github.com/punkstack/ninjaworld/ninja_world/village.go:48.39,49.54 1 0
github.com/punkstack/ninjaworld/ninja_world/village.go:49.54,51.4 1 0
github.com/punkstack/ninjaworld/ninja_world/village.go:55.16,57.3 1 0
github.com/punkstack/ninjaworld/ninja_world/village.go:62.48,63.43 1 6
github.com/punkstack/ninjaworld/ninja_world/village.go:66.2,66.47 1 6
github.com/punkstack/ninjaworld/ninja_world/village.go:63.43,65.3 1 4
github.com/punkstack/ninjaworld/ninja_world/village.go:69.63,72.2 2 8
github.com/punkstack/ninjaworld/ninja_world/village.go:74.49,76.2 1 2
github.com/punkstack/ninjaworld/ninja_world/village.go:78.56,79.28 1 3
github.com/punkstack/ninjaworld/ninja_world/village.go:82.2,83.32 2 2
github.com/punkstack/ninjaworld/ninja_world/village.go:91.2,91.12 1 0
github.com/punkstack/ninjaworld/ninja_world/village.go:79.28,81.3 1 1
github.com/punkstack/ninjaworld/ninja_world/village.go:83.32,84.23 1 2
github.com/punkstack/ninjaworld/ninja_world/village.go:89.3,89.16 1 0
github.com/punkstack/ninjaworld/ninja_world/village.go:84.23,85.42 1 2
github.com/punkstack/ninjaworld/ninja_world/village.go:85.42,87.5 1 2
github.com/punkstack/ninjaworld/ninja_world/village.go:94.66,95.51 1 2
github.com/punkstack/ninjaworld/ninja_world/village.go:102.2,102.10 1 2
github.com/punkstack/ninjaworld/ninja_world/village.go:95.51,96.46 1 2
github.com/punkstack/ninjaworld/ninja_world/village.go:96.46,99.9 3 2
github.com/punkstack/ninjaworld/ninja_world/world.go:32.24,38.2 1 13
github.com/punkstack/ninjaworld/ninja_world/world.go:41.47,42.52 1 17
github.com/punkstack/ninjaworld/ninja_world/world.go:45.2,45.43 1 17
github.com/punkstack/ninjaworld/ninja_world/world.go:50.2,50.12 1 16
github.com/punkstack/ninjaworld/ninja_world/world.go:42.52,44.3 1 0
github.com/punkstack/ninjaworld/ninja_world/world.go:45.43,47.3 1 1
github.com/punkstack/ninjaworld/ninja_world/world.go:47.8,49.3 1 16
github.com/punkstack/ninjaworld/ninja_world/world.go:54.51,56.52 2 2
github.com/punkstack/ninjaworld/ninja_world/world.go:63.2,63.12 1 2
github.com/punkstack/ninjaworld/ninja_world/world.go:56.52,58.3 1 0
github.com/punkstack/ninjaworld/ninja_world/world.go:58.8,62.3 3 2
github.com/punkstack/ninjaworld/ninja_world/world.go:66.65,67.43 1 4
github.com/punkstack/ninjaworld/ninja_world/world.go:67.43,69.3 1 4
github.com/punkstack/ninjaworld/ninja_world/world.go:69.8,71.3 1 0
github.com/punkstack/ninjaworld/ninja_world/world.go:75.45,77.30 2 7
github.com/punkstack/ninjaworld/ninja_world/world.go:86.2,86.12 1 0
github.com/punkstack/ninjaworld/ninja_world/world.go:77.30,78.23 1 8
github.com/punkstack/ninjaworld/ninja_world/world.go:83.3,83.16 1 1
github.com/punkstack/ninjaworld/ninja_world/world.go:78.23,79.40 1 7
github.com/punkstack/ninjaworld/ninja_world/world.go:79.40,81.5 1 7
github.com/punkstack/ninjaworld/ninja_world/world.go:90.54,92.37 2 2
github.com/punkstack/ninjaworld/ninja_world/world.go:99.2,99.15 1 2
github.com/punkstack/ninjaworld/ninja_world/world.go:92.37,94.54 2 2
github.com/punkstack/ninjaworld/ninja_world/world.go:97.3,97.48 1 2
github.com/punkstack/ninjaworld/ninja_world/world.go:94.54,96.4 1 0
github.com/punkstack/ninjaworld/ninja_world/world.go:103.38,107.55 2 10
github.com/punkstack/ninjaworld/ninja_world/world.go:107.55,109.3 1 0
github.com/punkstack/ninjaworld/ninja_world/world.go:109.8,112.3 2 10
github.com/punkstack/ninjaworld/ninja_world/world.go:115.56,117.2 1 4
github.com/punkstack/ninjaworld/ninja_world/world.go:120.43,121.26 1 4
github.com/punkstack/ninjaworld/ninja_world/world.go:124.2,124.41 1 3
github.com/punkstack/ninjaworld/ninja_world/world.go:129.2,129.12 1 3
github.com/punkstack/ninjaworld/ninja_world/world.go:121.26,123.3 1 1
github.com/punkstack/ninjaworld/ninja_world/world.go:124.41,128.3 3 5
github.com/punkstack/ninjaworld/ninja_world/world.go:133.30,134.37 1 1
github.com/punkstack/ninjaworld/ninja_world/world.go:134.37,135.35 1 1
github.com/punkstack/ninjaworld/ninja_world/world.go:135.35,138.44 3 1
github.com/punkstack/ninjaworld/ninja_world/world.go:142.4,142.41 1 1
github.com/punkstack/ninjaworld/ninja_world/world.go:149.4,151.17 3 1
github.com/punkstack/ninjaworld/ninja_world/world.go:138.44,141.5 2 2
github.com/punkstack/ninjaworld/ninja_world/world.go:142.41,143.42 1 0
github.com/punkstack/ninjaworld/ninja_world/world.go:143.42,144.36 1 0
github.com/punkstack/ninjaworld/ninja_world/world.go:144.36,146.7 1 0
github.com/punkstack/ninjaworld/ninja_world/world.go:157.34,158.42 1 1
github.com/punkstack/ninjaworld/ninja_world/world.go:158.42,159.28 1 1
github.com/punkstack/ninjaworld/ninja_world/world.go:159.28,161.18 2 1
github.com/punkstack/ninjaworld/ninja_world/world.go:164.4,173.38 4 1
github.com/punkstack/ninjaworld/ninja_world/world.go:161.18,162.60 1 0
github.com/punkstack/ninjaworld/ninja_world/world.go:179.36,181.29 1 4
github.com/punkstack/ninjaworld/ninja_world/world.go:186.2,186.42 1 3
github.com/punkstack/ninjaworld/ninja_world/world.go:191.2,191.13 1 2
github.com/punkstack/ninjaworld/ninja_world/world.go:181.29,183.3 1 1
github.com/punkstack/ninjaworld/ninja_world/world.go:186.42,187.28 1 3
github.com/punkstack/ninjaworld/ninja_world/world.go:187.28,189.4 1 1
github.com/punkstack/ninjaworld/ninja_world/io/io_parser.go:19.75,22.16 3 1
github.com/punkstack/ninjaworld/ninja_world/io/io_parser.go:25.2,25.25 1 1
github.com/punkstack/ninjaworld/ninja_world/io/io_parser.go:32.2,36.21 3 1
github.com/punkstack/ninjaworld/ninja_world/io/io_parser.go:72.2,72.12 1 1
github.com/punkstack/ninjaworld/ninja_world/io/io_parser.go:22.16,24.3 1 0
github.com/punkstack/ninjaworld/ninja_world/io/io_parser.go:25.25,27.17 2 1
github.com/punkstack/ninjaworld/ninja_world/io/io_parser.go:27.17,28.14 1 0
github.com/punkstack/ninjaworld/ninja_world/io/io_parser.go:36.21,41.67 5 2
github.com/punkstack/ninjaworld/ninja_world/io/io_parser.go:44.3,45.67 2 2
github.com/punkstack/ninjaworld/ninja_world/io/io_parser.go:48.3,48.42 1 2
github.com/punkstack/ninjaworld/ninja_world/io/io_parser.go:41.67,43.4 1 0
github.com/punkstack/ninjaworld/ninja_world/io/io_parser.go:45.67,47.4 1 0
github.com/punkstack/ninjaworld/ninja_world/io/io_parser.go:48.42,52.18 4 5
github.com/punkstack/ninjaworld/ninja_world/io/io_parser.go:66.4,67.18 2 5
github.com/punkstack/ninjaworld/ninja_world/io/io_parser.go:52.18,53.71 1 4
github.com/punkstack/ninjaworld/ninja_world/io/io_parser.go:53.71,55.70 2 4
github.com/punkstack/ninjaworld/ninja_world/io/io_parser.go:58.6,59.20 2 4
github.com/punkstack/ninjaworld/ninja_world/io/io_parser.go:55.70,57.7 1 0
github.com/punkstack/ninjaworld/ninja_world/io/io_parser.go:59.20,61.7 1 0
github.com/punkstack/ninjaworld/ninja_world/io/io_parser.go:62.11,64.6 1 0
github.com/punkstack/ninjaworld/ninja_world/io/io_parser.go:67.18,69.5 1 0
github.com/punkstack/ninjaworld/ninja_world/io/io_parser.go:75.84,79.16 3 0
github.com/punkstack/ninjaworld/ninja_world/io/io_parser.go:83.2,83.28 1 0
github.com/punkstack/ninjaworld/ninja_world/io/io_parser.go:89.2,89.49 1 0
github.com/punkstack/ninjaworld/ninja_world/io/io_parser.go:93.2,95.31 2 0
github.com/punkstack/ninjaworld/ninja_world/io/io_parser.go:99.2,100.16 2 0
github.com/punkstack/ninjaworld/ninja_world/io/io_parser.go:103.2,103.12 1 0
github.com/punkstack/ninjaworld/ninja_world/io/io_parser.go:79.16,82.3 2 0
github.com/punkstack/ninjaworld/ninja_world/io/io_parser.go:83.28,85.17 2 0
github.com/punkstack/ninjaworld/ninja_world/io/io_parser.go:85.17,87.4 1 0
github.com/punkstack/ninjaworld/ninja_world/io/io_parser.go:89.49,91.3 1 0
github.com/punkstack/ninjaworld/ninja_world/io/io_parser.go:95.31,97.3 1 0
github.com/punkstack/ninjaworld/ninja_world/io/io_parser.go:100.16,102.3 1 0
github.com/punkstack/ninjaworld/ninja_world/simulation/simulation.go:17.86,22.16 4 1
github.com/punkstack/ninjaworld/ninja_world/simulation/simulation.go:27.2,27.49 1 1
github.com/punkstack/ninjaworld/ninja_world/simulation/simulation.go:35.2,38.16 3 1
github.com/punkstack/ninjaworld/ninja_world/simulation/simulation.go:42.2,43.12 2 1
github.com/punkstack/ninjaworld/ninja_world/simulation/simulation.go:22.16,25.3 2 0
github.com/punkstack/ninjaworld/ninja_world/simulation/simulation.go:27.49,29.17 2 1
github.com/punkstack/ninjaworld/ninja_world/simulation/simulation.go:29.17,32.4 2 0
github.com/punkstack/ninjaworld/ninja_world/simulation/simulation.go:38.16,41.3 2 0
github.com/punkstack/ninjaworld/ninja_world/simulation/simulation.go:47.54,49.16 2 1
github.com/punkstack/ninjaworld/ninja_world/simulation/simulation.go:53.2,54.32 2 1
github.com/punkstack/ninjaworld/ninja_world/simulation/simulation.go:49.16,52.3 2 0
github.com/punkstack/ninjaworld/ninja_world/simulation/simulation.go:54.32,57.3 2 9999
